This is XeTeX, Version 3.14159265-2.6-0.999991 (MiKTeX 2.9.7200 64-bit) (preloaded format=xelatex 2019.10.16)  30 OCT 2019 19:12
entering extended mode
**./midterm-examination-solution.tex
(midterm-examination-solution.tex
LaTeX2e <2019-10-01>

("C:\Users\kalvis.apsitis\AppData\Local\Programs\MiKTeX 2.9\tex/latex/base\arti
cle.cls"
Document Class: article 2019/08/27 v1.4j Standard LaTeX document class

("C:\Users\kalvis.apsitis\AppData\Local\Programs\MiKTeX 2.9\tex/latex/base\size
11.clo"
File: size11.clo 2019/08/27 v1.4j Standard LaTeX file (size option)
)
\c@part=\count80
\c@section=\count81
\c@subsection=\count82
\c@subsubsection=\count83
\c@paragraph=\count84
\c@subparagraph=\count85
\c@figure=\count86
\c@table=\count87
\abovecaptionskip=\skip41
\belowcaptionskip=\skip42
\bibindent=\dimen102
)
("C:\Users\kalvis.apsitis\AppData\Local\Programs\MiKTeX 2.9\tex/latex/ucs\ucs.s
ty"
Package: ucs 2013/05/11 v2.2 UCS: Unicode input support

("C:\Users\kalvis.apsitis\AppData\Local\Programs\MiKTeX 2.9\tex/latex/ucs\uni-g
lobal.def"
File: uni-global.def 2013/05/13 UCS: Unicode global data
)
\uc@secondtry=\count88
\uc@combtoks=\toks14
\uc@combtoksb=\toks15
\uc@temptokena=\toks16
)
("C:\Users\kalvis.apsitis\AppData\Local\Programs\MiKTeX 2.9\tex/latex/base\inpu
tenc.sty"
Package: inputenc 2018/08/11 v1.3c Input encoding file
\inpenc@prehook=\toks17
\inpenc@posthook=\toks18


Package inputenc Warning: inputenc package ignored with utf8 based engines.

)
("C:\Users\kalvis.apsitis\AppData\Local\Programs\MiKTeX 2.9\tex/latex/changepag
e\changepage.sty"
Package: changepage 2009/10/20 v1.0c check page and change page layout
\c@cp@cntr=\count89
\cp@tempcnt=\count90
)
("C:\Users\kalvis.apsitis\AppData\Local\Programs\MiKTeX 2.9\tex/latex/graphics\
graphicx.sty"
Package: graphicx 2017/06/01 v1.1a Enhanced LaTeX Graphics (DPC,SPQR)

("C:\Users\kalvis.apsitis\AppData\Local\Programs\MiKTeX 2.9\tex/latex/graphics\
keyval.sty"
Package: keyval 2014/10/28 v1.15 key=value parser (DPC)
\KV@toks@=\toks19
)
("C:\Users\kalvis.apsitis\AppData\Local\Programs\MiKTeX 2.9\tex/latex/graphics\
graphics.sty"
Package: graphics 2019/07/20 v1.3b Standard LaTeX Graphics (DPC,SPQR)

("C:\Users\kalvis.apsitis\AppData\Local\Programs\MiKTeX 2.9\tex/latex/graphics\
trig.sty"
Package: trig 2016/01/03 v1.10 sin cos tan (DPC)
)
("C:\Users\kalvis.apsitis\AppData\Local\Programs\MiKTeX 2.9\tex/latex/graphics-
cfg\graphics.cfg"
File: graphics.cfg 2016/06/04 v1.11 sample graphics configuration
)
Package graphics Info: Driver file: xetex.def on input line 105.

("C:\Users\kalvis.apsitis\AppData\Local\Programs\MiKTeX 2.9\tex/latex/graphics-
def\xetex.def"
File: xetex.def 2017/06/24 v5.0h Graphics/color driver for xetex
))
\Gin@req@height=\dimen103
\Gin@req@width=\dimen104
)
("C:\Users\kalvis.apsitis\AppData\Local\Programs\MiKTeX 2.9\tex/latex/amsmath\a
msmath.sty"
Package: amsmath 2019/04/01 v2.17c AMS math features
\@mathmargin=\skip43

For additional information on amsmath, use the `?' option.

("C:\Users\kalvis.apsitis\AppData\Local\Programs\MiKTeX 2.9\tex/latex/amsmath\a
mstext.sty"
Package: amstext 2000/06/29 v2.01 AMS text

("C:\Users\kalvis.apsitis\AppData\Local\Programs\MiKTeX 2.9\tex/latex/amsmath\a
msgen.sty"
File: amsgen.sty 1999/11/30 v2.0 generic functions
\@emptytoks=\toks20
\ex@=\dimen105
))
("C:\Users\kalvis.apsitis\AppData\Local\Programs\MiKTeX 2.9\tex/latex/amsmath\a
msbsy.sty"
Package: amsbsy 1999/11/29 v1.2d Bold Symbols
\pmbraise@=\dimen106
)
("C:\Users\kalvis.apsitis\AppData\Local\Programs\MiKTeX 2.9\tex/latex/amsmath\a
msopn.sty"
Package: amsopn 2016/03/08 v2.02 operator names
)
\inf@bad=\count91
LaTeX Info: Redefining \frac on input line 227.
\uproot@=\count92
\leftroot@=\count93
LaTeX Info: Redefining \overline on input line 389.
\classnum@=\count94
\DOTSCASE@=\count95
LaTeX Info: Redefining \ldots on input line 486.
LaTeX Info: Redefining \dots on input line 489.
LaTeX Info: Redefining \cdots on input line 610.
\Mathstrutbox@=\box27
\strutbox@=\box28
\big@size=\dimen107
LaTeX Font Info:    Redeclaring font encoding OML on input line 733.
LaTeX Font Info:    Redeclaring font encoding OMS on input line 734.
\macc@depth=\count96
\c@MaxMatrixCols=\count97
\dotsspace@=\muskip10
\c@parentequation=\count98
\dspbrk@lvl=\count99
\tag@help=\toks21
\row@=\count100
\column@=\count101
\maxfields@=\count102
\andhelp@=\toks22
\eqnshift@=\dimen108
\alignsep@=\dimen109
\tagshift@=\dimen110
\tagwidth@=\dimen111
\totwidth@=\dimen112
\lineht@=\dimen113
\@envbody=\toks23
\multlinegap=\skip44
\multlinetaggap=\skip45
\mathdisplay@stack=\toks24
LaTeX Info: Redefining \[ on input line 2855.
LaTeX Info: Redefining \] on input line 2856.
)
("C:\Users\kalvis.apsitis\AppData\Local\Programs\MiKTeX 2.9\tex/latex/was\gensy
mb.sty"
Package: gensymb 2003/07/02 v1.0 (WaS)
)
("C:\Users\kalvis.apsitis\AppData\Local\Programs\MiKTeX 2.9\tex/latex/amsfonts\
amssymb.sty"
Package: amssymb 2013/01/14 v3.01 AMS font symbols

("C:\Users\kalvis.apsitis\AppData\Local\Programs\MiKTeX 2.9\tex/latex/amsfonts\
amsfonts.sty"
Package: amsfonts 2013/01/14 v3.01 Basic AMSFonts support
\symAMSa=\mathgroup4
\symAMSb=\mathgroup5
LaTeX Font Info:    Redeclaring math symbol \hbar on input line 98.
LaTeX Font Info:    Overwriting math alphabet `\mathfrak' in version `bold'
(Font)                  U/euf/m/n --> U/euf/b/n on input line 106.
))
("C:\Users\kalvis.apsitis\AppData\Local\Programs\MiKTeX 2.9\tex/latex/tools\enu
merate.sty"
Package: enumerate 2015/07/23 v3.00 enumerate extensions (DPC)
\@enLab=\toks25
)
("C:\Users\kalvis.apsitis\AppData\Local\Programs\MiKTeX 2.9\tex/latex/tools\tab
ularx.sty"
Package: tabularx 2016/02/03 v2.11b `tabularx' package (DPC)

("C:\Users\kalvis.apsitis\AppData\Local\Programs\MiKTeX 2.9\tex/latex/tools\arr
ay.sty"
Package: array 2019/08/31 v2.4l Tabular extension package (FMi)
\col@sep=\dimen114
\ar@mcellbox=\box29
\extrarowheight=\dimen115
\NC@list=\toks26
\extratabsurround=\skip46
\backup@length=\skip47
\ar@cellbox=\box30
)
\TX@col@width=\dimen116
\TX@old@table=\dimen117
\TX@old@col=\dimen118
\TX@target=\dimen119
\TX@delta=\dimen120
\TX@cols=\count103
\TX@ftn=\toks27
)
("C:\Users\kalvis.apsitis\AppData\Local\Programs\MiKTeX 2.9\tex/latex/lipsum\li
psum.sty"
("C:\Users\kalvis.apsitis\AppData\Local\Programs\MiKTeX 2.9\tex/latex/l3kernel\
expl3.sty"
Package: expl3 2019-10-02 L3 programming layer (loader) 

("C:\Users\kalvis.apsitis\AppData\Local\Programs\MiKTeX 2.9\tex/latex/l3kernel\
expl3-code.tex"
Package: expl3 2019-10-02 L3 programming layer (code)
\c_max_int=\count104
\l_tmpa_int=\count105
\l_tmpb_int=\count106
\g_tmpa_int=\count107
\g_tmpb_int=\count108
\l__seq_internal_a_int=\count109
\l__seq_internal_b_int=\count110
\g__kernel_prg_map_int=\count111
\c__ior_term_noprompt_ior=\count112
\c_log_iow=\count113
\l_iow_line_count_int=\count114
\l__iow_line_target_int=\count115
\l__iow_one_indent_int=\count116
\l__iow_indent_int=\count117
\c_zero_dim=\dimen121
\c_max_dim=\dimen122
\l_tmpa_dim=\dimen123
\l_tmpb_dim=\dimen124
\g_tmpa_dim=\dimen125
\g_tmpb_dim=\dimen126
\c_zero_skip=\skip48
\c_max_skip=\skip49
\l_tmpa_skip=\skip50
\l_tmpb_skip=\skip51
\g_tmpa_skip=\skip52
\g_tmpb_skip=\skip53
\c_zero_muskip=\muskip11
\c_max_muskip=\muskip12
\l_tmpa_muskip=\muskip13
\l_tmpb_muskip=\muskip14
\g_tmpa_muskip=\muskip15
\g_tmpb_muskip=\muskip16
\l_keys_choice_int=\count118
\l__intarray_loop_int=\count119
\c__intarray_sp_dim=\dimen127
\g__intarray_font_int=\count120
\c__fp_leading_shift_int=\count121
\c__fp_middle_shift_int=\count122
\c__fp_trailing_shift_int=\count123
\c__fp_big_leading_shift_int=\count124
\c__fp_big_middle_shift_int=\count125
\c__fp_big_trailing_shift_int=\count126
\c__fp_Bigg_leading_shift_int=\count127
\c__fp_Bigg_middle_shift_int=\count128
\c__fp_Bigg_trailing_shift_int=\count129
\g__fp_array_int=\count130
\l__fp_array_loop_int=\count131
\l__sort_length_int=\count132
\l__sort_min_int=\count133
\l__sort_top_int=\count134
\l__sort_max_int=\count135
\l__sort_true_max_int=\count136
\l__sort_block_int=\count137
\l__sort_begin_int=\count138
\l__sort_end_int=\count139
\l__sort_A_int=\count140
\l__sort_B_int=\count141
\l__sort_C_int=\count142
\l__str_internal_int=\count143
\l__tl_analysis_normal_int=\count144
\l__tl_analysis_index_int=\count145
\l__tl_analysis_nesting_int=\count146
\l__tl_analysis_type_int=\count147
\l__regex_internal_a_int=\count148
\l__regex_internal_b_int=\count149
\l__regex_internal_c_int=\count150
\l__regex_balance_int=\count151
\l__regex_group_level_int=\count152
\l__regex_mode_int=\count153
\c__regex_cs_in_class_mode_int=\count154
\c__regex_cs_mode_int=\count155
\l__regex_catcodes_int=\count156
\l__regex_default_catcodes_int=\count157
\c__regex_catcode_L_int=\count158
\c__regex_catcode_O_int=\count159
\c__regex_catcode_A_int=\count160
\c__regex_all_catcodes_int=\count161
\l__regex_show_lines_int=\count162
\l__regex_min_state_int=\count163
\l__regex_max_state_int=\count164
\l__regex_left_state_int=\count165
\l__regex_right_state_int=\count166
\l__regex_capturing_group_int=\count167
\l__regex_min_pos_int=\count168
\l__regex_max_pos_int=\count169
\l__regex_curr_pos_int=\count170
\l__regex_start_pos_int=\count171
\l__regex_success_pos_int=\count172
\l__regex_curr_char_int=\count173
\l__regex_curr_catcode_int=\count174
\l__regex_last_char_int=\count175
\l__regex_case_changed_char_int=\count176
\l__regex_curr_state_int=\count177
\l__regex_step_int=\count178
\l__regex_min_active_int=\count179
\l__regex_max_active_int=\count180
\l__regex_replacement_csnames_int=\count181
\l__regex_match_count_int=\count182
\l__regex_min_submatch_int=\count183
\l__regex_submatch_int=\count184
\l__regex_zeroth_submatch_int=\count185
\g__regex_trace_regex_int=\count186
\c_empty_box=\box31
\l_tmpa_box=\box32
\l_tmpb_box=\box33
\g_tmpa_box=\box34
\g_tmpb_box=\box35
\l__box_top_dim=\dimen128
\l__box_bottom_dim=\dimen129
\l__box_left_dim=\dimen130
\l__box_right_dim=\dimen131
\l__box_top_new_dim=\dimen132
\l__box_bottom_new_dim=\dimen133
\l__box_left_new_dim=\dimen134
\l__box_right_new_dim=\dimen135
\l__box_internal_box=\box36
\l__coffin_internal_box=\box37
\l__coffin_internal_dim=\dimen136
\l__coffin_offset_x_dim=\dimen137
\l__coffin_offset_y_dim=\dimen138
\l__coffin_x_dim=\dimen139
\l__coffin_y_dim=\dimen140
\l__coffin_x_prime_dim=\dimen141
\l__coffin_y_prime_dim=\dimen142
\c_empty_coffin=\box38
\l__coffin_aligned_coffin=\box39
\l__coffin_aligned_internal_coffin=\box40
\l_tmpa_coffin=\box41
\l_tmpb_coffin=\box42
\g_tmpa_coffin=\box43
\g_tmpb_coffin=\box44
\l__coffin_bounding_shift_dim=\dimen143
\l__coffin_left_corner_dim=\dimen144
\l__coffin_right_corner_dim=\dimen145
\l__coffin_bottom_corner_dim=\dimen146
\l__coffin_top_corner_dim=\dimen147
\l__coffin_scaled_total_height_dim=\dimen148
\l__coffin_scaled_width_dim=\dimen149
\c__coffin_empty_coffin=\box45
\l__coffin_display_coffin=\box46
\l__coffin_display_coord_coffin=\box47
\l__coffin_display_pole_coffin=\box48
\l__coffin_display_offset_dim=\dimen150
\l__coffin_display_x_dim=\dimen151
\l__coffin_display_y_dim=\dimen152
\g__char_data_ior=\read1

("C:\Users\kalvis.apsitis\AppData\Local\Programs\MiKTeX 2.9\tex/latex/l3kernel\
l3deprecation.def"
File: l3deprecation.def 2019-04-06 v L3 Deprecated functions
))
("C:\Users\kalvis.apsitis\AppData\Local\Programs\MiKTeX 2.9\tex/latex/l3backend
\l3backend-xdvipdfmx.def"
File: l3backend-xdvipdfmx.def 2019-04-06 v L3 backend support: xdvipdfmx
\g__graphics_track_int=\count187
\l__pdf_internal_box=\box49
\g__pdf_backend_object_int=\count188
\g__pdf_backend_annotation_int=\count189
))
("C:\Users\kalvis.apsitis\AppData\Local\Programs\MiKTeX 2.9\tex/latex/l3package
s/xparse\xparse.sty"
Package: xparse 2019-05-28 L3 Experimental document command parser
\l__xparse_current_arg_int=\count190
\g__xparse_grabber_int=\count191
\l__xparse_m_args_int=\count192
\l__xparse_v_nesting_int=\count193
)
Package: lipsum 2019/01/02 v2.2 150 paragraphs of Lorem Ipsum dummy text

("C:\Users\kalvis.apsitis\AppData\Local\Programs\MiKTeX 2.9\tex/latex/lipsum\li
psum.ltd.tex"
File: lipsum.ltd.tex 2019/01/02 v2.2 The Lorem ipsum dummy text
))
("C:\Users\kalvis.apsitis\AppData\Local\Programs\MiKTeX 2.9\tex/latex/hyperref\
hyperref.sty"
Package: hyperref 2019/09/28 v7.00a Hypertext links for LaTeX

("C:\Users\kalvis.apsitis\AppData\Local\Programs\MiKTeX 2.9\tex/generic/oberdie
k\hobsub-hyperref.sty"
Package: hobsub-hyperref 2016/05/16 v1.14 Bundle oberdiek, subset hyperref (HO)


("C:\Users\kalvis.apsitis\AppData\Local\Programs\MiKTeX 2.9\tex/generic/oberdie
k\hobsub-generic.sty"
Package: hobsub-generic 2016/05/16 v1.14 Bundle oberdiek, subset generic (HO)
Package: hobsub 2016/05/16 v1.14 Construct package bundles (HO)
Package: infwarerr 2016/05/16 v1.4 Providing info/warning/error messages (HO)
Package: ltxcmds 2016/05/16 v1.23 LaTeX kernel commands for general use (HO)
Package: ifluatex 2016/05/16 v1.4 Provides the ifluatex switch (HO)
Package ifluatex Info: LuaTeX not detected.
Package: ifvtex 2016/05/16 v1.6 Detect VTeX and its facilities (HO)
Package ifvtex Info: VTeX not detected.
Package: intcalc 2016/05/16 v1.2 Expandable calculations with integers (HO)
Package: ifpdf 2018/09/07 v3.3 Provides the ifpdf switch
Package: etexcmds 2016/05/16 v1.6 Avoid name clashes with e-TeX commands (HO)
Package: kvsetkeys 2016/05/16 v1.17 Key value parser (HO)
Package: kvdefinekeys 2016/05/16 v1.4 Define keys (HO)
Package: pdftexcmds 2019/07/25 v0.30 Utility functions of pdfTeX for LuaTeX (HO
)
Package pdftexcmds Info: LuaTeX not detected.
Package pdftexcmds Info: pdfTeX >= 1.30 not detected.
Package pdftexcmds Info: \pdf@primitive is available.
Package pdftexcmds Info: \pdf@ifprimitive is available.
Package pdftexcmds Info: \pdfdraftmode not found.
Package: pdfescape 2016/05/16 v1.14 Implements pdfTeX's escape features (HO)
Package: bigintcalc 2016/05/16 v1.4 Expandable calculations on big integers (HO
)
Package: bitset 2016/05/16 v1.2 Handle bit-vector datatype (HO)
Package: uniquecounter 2016/05/16 v1.3 Provide unlimited unique counter (HO)
)
Package hobsub Info: Skipping package `hobsub' (already loaded).
Package: letltxmacro 2016/05/16 v1.5 Let assignment for LaTeX macros (HO)
Package: hopatch 2016/05/16 v1.3 Wrapper for package hooks (HO)
Package: xcolor-patch 2016/05/16 xcolor patch
Package: atveryend 2016/05/16 v1.9 Hooks at the very end of document (HO)
Package atveryend Info: \enddocument detected (standard20110627).
Package: atbegshi 2016/06/09 v1.18 At begin shipout hook (HO)
Package: refcount 2016/05/16 v3.5 Data extraction from label references (HO)
Package: hycolor 2016/05/16 v1.8 Color options for hyperref/bookmark (HO)
)
("C:\Users\kalvis.apsitis\AppData\Local\Programs\MiKTeX 2.9\tex/generic/ifxetex
\ifxetex.sty"
Package: ifxetex 2010/09/12 v0.6 Provides ifxetex conditional
)
("C:\Users\kalvis.apsitis\AppData\Local\Programs\MiKTeX 2.9\tex/latex/oberdiek\
auxhook.sty"
Package: auxhook 2016/05/16 v1.4 Hooks for auxiliary files (HO)
)
("C:\Users\kalvis.apsitis\AppData\Local\Programs\MiKTeX 2.9\tex/latex/oberdiek\
kvoptions.sty"
Package: kvoptions 2016/05/16 v3.12 Key value format for package options (HO)
)
\@linkdim=\dimen153
\Hy@linkcounter=\count194
\Hy@pagecounter=\count195

("C:\Users\kalvis.apsitis\AppData\Local\Programs\MiKTeX 2.9\tex/latex/hyperref\
pd1enc.def"
File: pd1enc.def 2019/09/28 v7.00a Hyperref: PDFDocEncoding definition (HO)
)
\Hy@SavedSpaceFactor=\count196

("C:\Users\kalvis.apsitis\AppData\Local\Programs\MiKTeX 2.9\tex/latex/00miktex\
hyperref.cfg"
File: hyperref.cfg 2002/06/06 v1.2 hyperref configuration of TeXLive
)
Package hyperref Info: Hyper figures OFF on input line 4540.
Package hyperref Info: Link nesting OFF on input line 4545.
Package hyperref Info: Hyper index ON on input line 4548.
Package hyperref Info: Plain pages OFF on input line 4555.
Package hyperref Info: Backreferencing OFF on input line 4560.
Package hyperref Info: Implicit mode ON; LaTeX internals redefined.
Package hyperref Info: Bookmarks ON on input line 4793.
\c@Hy@tempcnt=\count197

("C:\Users\kalvis.apsitis\AppData\Local\Programs\MiKTeX 2.9\tex/latex/url\url.s
ty"
\Urlmuskip=\muskip17
Package: url 2013/09/16  ver 3.4  Verb mode for urls, etc.
)
LaTeX Info: Redefining \url on input line 5152.
\XeTeXLinkMargin=\dimen154
\Fld@menulength=\count198
\Field@Width=\dimen155
\Fld@charsize=\dimen156
Package hyperref Info: Hyper figures OFF on input line 6423.
Package hyperref Info: Link nesting OFF on input line 6428.
Package hyperref Info: Hyper index ON on input line 6431.
Package hyperref Info: backreferencing OFF on input line 6438.
Package hyperref Info: Link coloring OFF on input line 6443.
Package hyperref Info: Link coloring with OCG OFF on input line 6448.
Package hyperref Info: PDF/A mode OFF on input line 6453.
LaTeX Info: Redefining \ref on input line 6493.
LaTeX Info: Redefining \pageref on input line 6497.
\Hy@abspage=\count199
\c@Item=\count266
\c@Hfootnote=\count267
)
Package hyperref Info: Driver (autodetected): hxetex.

("C:\Users\kalvis.apsitis\AppData\Local\Programs\MiKTeX 2.9\tex/latex/hyperref\
hxetex.def"
File: hxetex.def 2019/09/28 v7.00a Hyperref driver for XeTeX

("C:\Users\kalvis.apsitis\AppData\Local\Programs\MiKTeX 2.9\tex/latex/hyperref\
puenc.def"
File: puenc.def 2019/09/28 v7.00a Hyperref: PDF Unicode definition (HO)
)
("C:\Users\kalvis.apsitis\AppData\Local\Programs\MiKTeX 2.9\tex/generic/oberdie
k\stringenc.sty"
Package: stringenc 2016/05/16 v1.11 Convert strings between diff. encodings (HO
)
)
\pdfm@box=\box50
\c@Hy@AnnotLevel=\count268
\HyField@AnnotCount=\count269
\Fld@listcount=\count270
\c@bookmark@seq@number=\count271

("C:\Users\kalvis.apsitis\AppData\Local\Programs\MiKTeX 2.9\tex/latex/oberdiek\
rerunfilecheck.sty"
Package: rerunfilecheck 2016/05/16 v1.8 Rerun checks for auxiliary files (HO)
Package uniquecounter Info: New unique counter `rerunfilecheck' on input line 2
82.
)
\Hy@SectionHShift=\skip54
)
("C:\Users\kalvis.apsitis\AppData\Local\Programs\MiKTeX 2.9\tex/latex/xcolor\xc
olor.sty"
Package: xcolor 2016/05/11 v2.12 LaTeX color extensions (UK)

("C:\Users\kalvis.apsitis\AppData\Local\Programs\MiKTeX 2.9\tex/latex/graphics-
cfg\color.cfg"
File: color.cfg 2016/01/02 v1.6 sample color configuration
)
Package xcolor Info: Driver file: xetex.def on input line 225.
Package xcolor Info: Model `cmy' substituted by `cmy0' on input line 1348.
Package xcolor Info: Model `RGB' extended on input line 1364.
Package xcolor Info: Model `HTML' substituted by `rgb' on input line 1366.
Package xcolor Info: Model `Hsb' substituted by `hsb' on input line 1367.
Package xcolor Info: Model `tHsb' substituted by `hsb' on input line 1368.
Package xcolor Info: Model `HSB' substituted by `hsb' on input line 1369.
Package xcolor Info: Model `Gray' substituted by `gray' on input line 1370.
Package xcolor Info: Model `wave' substituted by `hsb' on input line 1371.
)
\c@alphnum=\count272

("C:\Users\kalvis.apsitis\AppData\Local\Programs\MiKTeX 2.9\tex/latex/natbib\bi
bentry.sty"
Package: bibentry 2007/10/30 1.5 (PWD)
) (midterm-examination-solution.aux)
\openout1 = `midterm-examination-solution.aux'.

LaTeX Font Info:    Checking defaults for OML/cmm/m/it on input line 44.
LaTeX Font Info:    ... okay on input line 44.
LaTeX Font Info:    Checking defaults for T1/cmr/m/n on input line 44.
LaTeX Font Info:    ... okay on input line 44.
LaTeX Font Info:    Checking defaults for OT1/cmr/m/n on input line 44.
LaTeX Font Info:    ... okay on input line 44.
LaTeX Font Info:    Checking defaults for OMS/cmsy/m/n on input line 44.
LaTeX Font Info:    ... okay on input line 44.
LaTeX Font Info:    Checking defaults for TU/lmr/m/n on input line 44.
LaTeX Font Info:    ... okay on input line 44.
LaTeX Font Info:    Checking defaults for OMX/cmex/m/n on input line 44.
LaTeX Font Info:    ... okay on input line 44.
LaTeX Font Info:    Checking defaults for U/cmr/m/n on input line 44.
LaTeX Font Info:    ... okay on input line 44.
LaTeX Font Info:    Checking defaults for PD1/pdf/m/n on input line 44.
LaTeX Font Info:    ... okay on input line 44.
LaTeX Font Info:    Checking defaults for PU/pdf/m/n on input line 44.
LaTeX Font Info:    ... okay on input line 44.

("C:\Users\kalvis.apsitis\AppData\Local\Programs\MiKTeX 2.9\tex/latex/ucs\ucsen
cs.def"
File: ucsencs.def 2011/01/21 Fixes to fontencodings LGR, T3
)
LaTeX Info: Redefining \celsius on input line 44.
Package gensymb Info: Faking symbols for \degree and \celsius on input line 44.



Package gensymb Warning: Not defining \perthousand.

LaTeX Info: Redefining \ohm on input line 44.
Package gensymb Info: Using \Omega for \ohm on input line 44.

Package gensymb Warning: Not defining \micro.

\AtBeginShipoutBox=\box51
Package hyperref Info: Link coloring OFF on input line 44.

("C:\Users\kalvis.apsitis\AppData\Local\Programs\MiKTeX 2.9\tex/latex/hyperref\
nameref.sty"
Package: nameref 2019/09/16 v2.46 Cross-referencing by name of section

("C:\Users\kalvis.apsitis\AppData\Local\Programs\MiKTeX 2.9\tex/generic/oberdie
k\gettitlestring.sty"
Package: gettitlestring 2016/05/16 v1.5 Cleanup title references (HO)
)
\c@section@level=\count273
)
LaTeX Info: Redefining \ref on input line 44.
LaTeX Info: Redefining \pageref on input line 44.
LaTeX Info: Redefining \nameref on input line 44.
 (midterm-examination-solution.out)
(midterm-examination-solution.out)
\@outlinefile=\write3
\openout3 = `midterm-examination-solution.out'.

LaTeX Font Info:    Trying to load font information for U+msa on input line 52.


("C:\Users\kalvis.apsitis\AppData\Local\Programs\MiKTeX 2.9\tex/latex/amsfonts\
umsa.fd"
File: umsa.fd 2013/01/14 v3.01 AMS symbols A
)
LaTeX Font Info:    Trying to load font information for U+msb on input line 52.


("C:\Users\kalvis.apsitis\AppData\Local\Programs\MiKTeX 2.9\tex/latex/amsfonts\
umsb.fd"
File: umsb.fd 2013/01/14 v3.01 AMS symbols B
)
File: venn-diagram.png Graphic file (type bmp)
<venn-diagram.png>

Overfull \hbox (13.00821pt too wide) in paragraph at lines 108--110
[]\TU/lmr/m/n/10.95 Sk. []$[][][][][] [] [] [] [][] [] [][][][][][][][][] [] []
[][] [] [][][][] [] [][][][][][][][][] [] [][] [] [][] [] [][][][][][][][][][][
] [] [][][][][][][][][]$[] (ieslēgšanas-
 []


("C:\Users\kalvis.apsitis\AppData\Local\Programs\MiKTeX 2.9\tex/generic/oberdie
k\se-ascii-print.def"
File: se-ascii-print.def 2016/05/16 v1.11 stringenc: Printable ASCII characters

) [1

]
File: huffman-examples.png Graphic file (type bmp)
<huffman-examples.png>
 [2]
File: huffman-canonical.png Graphic file (type bmp)
<huffman-canonical.png>

Overfull \hbox (1.00189pt too wide) in paragraph at lines 222--226
[]\TU/lmr/bx/n/9 4.uzdevums (6 punkti): \TU/lmr/m/n/9 Veikt inverso Berouza-Vīl
era transformāciju $\OT1/cmr/m/n/9 17$ \TU/lmr/m/n/9 simbolu virknītei: \TU/lmt
t/m/n/9 SETTNRSDDIESIEESN\TU/lmr/m/n/9 ,
 []

[3] [4] [5]
File: reed-solomon-plot.png Graphic file (type bmp)
<reed-solomon-plot.png>


LaTeX Warning: `!h' float specifier changed to `!ht'.

[6]
Package atveryend Info: Empty hook `BeforeClearDocument' on input line 776.
 [7]
Package atveryend Info: Empty hook `AfterLastShipout' on input line 776.
 (midterm-examination-solution.aux)
Package atveryend Info: Empty hook `AtVeryEndDocument' on input line 776.
Package atveryend Info: Executing hook `AtEndAfterFileList' on input line 776.
Package rerunfilecheck Info: File `midterm-examination-solution.out' has not ch
anged.
(rerunfilecheck)             Checksum: D41D8CD98F00B204E9800998ECF8427E.
Package atveryend Info: Empty hook `AtVeryVeryEnd' on input line 776.
 ) 
Here is how much of TeX's memory you used:
 20117 strings out of 427242
 338699 string characters out of 3139672
 519408 words of memory out of 3000000
 24480 multiletter control sequences out of 15000+200000
 540471 words of font info for 69 fonts, out of 3000000 for 9000
 1348 hyphenation exceptions out of 8191
 35i,14n,37p,358b,453s stack positions out of 5000i,500n,10000p,200000b,50000s

Output written on midterm-examination-solution.pdf (7 pages).
